  main.cpp
C:\Users\91930\source\repos\House\House\main.cpp(80,31): warning C4838: 从“double”转换到“GLfloat”需要收缩转换
C:\Users\91930\source\repos\House\House\main.cpp(80,31): warning C4244: “初始化”: 从“double”转换到“GLfloat”，可能丢失数据
C:\Users\91930\source\repos\House\House\main.cpp(80,35): warning C4838: 从“double”转换到“GLfloat”需要收缩转换
C:\Users\91930\source\repos\House\House\main.cpp(80,35): warning C4244: “初始化”: 从“double”转换到“GLfloat”，可能丢失数据
C:\Users\91930\source\repos\House\House\main.cpp(80,41): warning C4838: 从“double”转换到“GLfloat”需要收缩转换
C:\Users\91930\source\repos\House\House\main.cpp(80,41): warning C4244: “初始化”: 从“double”转换到“GLfloat”，可能丢失数据
C:\Users\91930\source\repos\House\House\main.cpp(82,58): warning C4305: “初始化”: 从“double”到“GLfloat”截断
C:\Users\91930\source\repos\House\House\main.cpp(114,14): warning C4244: “=”: 从“double”转换到“GLfloat”，可能丢失数据
C:\Users\91930\source\repos\House\House\main.cpp(117,15): warning C4244: “=”: 从“double”转换到“GLfloat”，可能丢失数据
C:\Users\91930\source\repos\House\House\main.cpp(134,51): warning C4244: “参数”: 从“int”转换到“float”，可能丢失数据
C:\Users\91930\source\repos\House\House\main.cpp(134,37): warning C4244: “参数”: 从“int”转换到“float”，可能丢失数据
C:\Users\91930\source\repos\House\House\main.cpp(134,76): warning C4305: “参数”: 从“double”到“float”截断
C:\Users\91930\source\repos\House\House\main.cpp(352,32): warning C4838: 从“double”转换到“GLfloat”需要收缩转换
C:\Users\91930\source\repos\House\House\main.cpp(352,32): warning C4244: “初始化”: 从“double”转换到“GLfloat”，可能丢失数据
C:\Users\91930\source\repos\House\House\main.cpp(352,35): warning C4838: 从“double”转换到“GLfloat”需要收缩转换
C:\Users\91930\source\repos\House\House\main.cpp(352,35): warning C4244: “初始化”: 从“double”转换到“GLfloat”，可能丢失数据
C:\Users\91930\source\repos\House\House\main.cpp(352,38): warning C4838: 从“double”转换到“GLfloat”需要收缩转换
C:\Users\91930\source\repos\House\House\main.cpp(352,38): warning C4244: “初始化”: 从“double”转换到“GLfloat”，可能丢失数据
C:\Users\91930\source\repos\House\House\main.cpp(400,24): warning C4305: “参数”: 从“double”到“GLfloat”截断
C:\Users\91930\source\repos\House\House\main.cpp(421,24): warning C4305: “参数”: 从“double”到“GLfloat”截断
C:\Users\91930\source\repos\House\House\main.cpp(442,24): warning C4305: “参数”: 从“double”到“GLfloat”截断
C:\Users\91930\source\repos\House\House\main.cpp(464,24): warning C4305: “参数”: 从“double”到“GLfloat”截断
C:\Users\91930\source\repos\House\House\main.cpp(472,54): warning C4305: “参数”: 从“double”到“float”截断
C:\Users\91930\source\repos\House\House\main.cpp(506,53): warning C4305: “参数”: 从“double”到“float”截断
C:\Users\91930\source\repos\House\House\main.cpp(507,53): warning C4305: “参数”: 从“double”到“float”截断
C:\Users\91930\source\repos\House\House\main.cpp(510,50): warning C4305: “参数”: 从“double”到“float”截断
C:\Users\91930\source\repos\House\House\main.cpp(511,50): warning C4305: “参数”: 从“double”到“float”截断
C:\Users\91930\source\repos\House\House\main.cpp(516,50): warning C4305: “参数”: 从“double”到“float”截断
C:\Users\91930\source\repos\House\House\main.cpp(521,50): warning C4305: “参数”: 从“double”到“float”截断
C:\Users\91930\source\repos\House\House\main.cpp(527,50): warning C4305: “参数”: 从“double”到“float”截断
C:\Users\91930\source\repos\House\House\main.cpp(531,49): warning C4305: “参数”: 从“double”到“float”截断
C:\Users\91930\source\repos\House\House\main.cpp(533,51): warning C4305: “参数”: 从“double”到“float”截断
C:\Users\91930\source\repos\House\House\main.cpp(535,48): warning C4305: “参数”: 从“double”到“float”截断
C:\Users\91930\source\repos\House\House\main.cpp(584,48): warning C4305: “参数”: 从“double”到“float”截断
C:\Users\91930\source\repos\House\House\main.cpp(585,49): warning C4305: “参数”: 从“double”到“float”截断
C:\Users\91930\source\repos\House\House\main.cpp(588,51): warning C4305: “参数”: 从“double”到“float”截断
C:\Users\91930\source\repos\House\House\main.cpp(590,47): warning C4305: “参数”: 从“double”到“float”截断
C:\Users\91930\source\repos\House\House\main.cpp(592,51): warning C4305: “参数”: 从“double”到“float”截断
C:\Users\91930\source\repos\House\House\main.cpp(594,48): warning C4305: “参数”: 从“double”到“float”截断
C:\Users\91930\source\repos\House\House\main.cpp(626,46): warning C4305: “参数”: 从“double”到“float”截断
C:\Users\91930\source\repos\House\House\main.cpp(627,53): warning C4305: “参数”: 从“double”到“float”截断
C:\Users\91930\source\repos\House\House\main.cpp(628,53): warning C4305: “参数”: 从“double”到“float”截断
C:\Users\91930\source\repos\House\House\main.cpp(629,52): warning C4305: “参数”: 从“double”到“float”截断
C:\Users\91930\source\repos\House\House\main.cpp(630,52): warning C4305: “参数”: 从“double”到“float”截断
C:\Users\91930\source\repos\House\House\main.cpp(633,53): warning C4305: “参数”: 从“double”到“float”截断
C:\Users\91930\source\repos\House\House\main.cpp(634,53): warning C4305: “参数”: 从“double”到“float”截断
C:\Users\91930\source\repos\House\House\main.cpp(635,52): warning C4305: “参数”: 从“double”到“float”截断
C:\Users\91930\source\repos\House\House\main.cpp(636,52): warning C4305: “参数”: 从“double”到“float”截断
C:\Users\91930\source\repos\House\House\main.cpp(638,53): warning C4305: “参数”: 从“double”到“float”截断
C:\Users\91930\source\repos\House\House\main.cpp(639,53): warning C4305: “参数”: 从“double”到“float”截断
C:\Users\91930\source\repos\House\House\main.cpp(640,52): warning C4305: “参数”: 从“double”到“float”截断
C:\Users\91930\source\repos\House\House\main.cpp(641,52): warning C4305: “参数”: 从“double”到“float”截断
C:\Users\91930\source\repos\House\House\main.cpp(643,54): warning C4305: “参数”: 从“double”到“float”截断
C:\Users\91930\source\repos\House\House\main.cpp(644,53): warning C4305: “参数”: 从“double”到“float”截断
C:\Users\91930\source\repos\House\House\main.cpp(645,51): warning C4305: “参数”: 从“double”到“float”截断
C:\Users\91930\source\repos\House\House\main.cpp(646,53): warning C4305: “参数”: 从“double”到“float”截断
C:\Users\91930\source\repos\House\House\main.cpp(648,53): warning C4305: “参数”: 从“double”到“float”截断
C:\Users\91930\source\repos\House\House\main.cpp(649,53): warning C4305: “参数”: 从“double”到“float”截断
C:\Users\91930\source\repos\House\House\main.cpp(650,52): warning C4305: “参数”: 从“double”到“float”截断
C:\Users\91930\source\repos\House\House\main.cpp(651,52): warning C4305: “参数”: 从“double”到“float”截断
C:\Users\91930\source\repos\House\House\main.cpp(654,51): warning C4305: “参数”: 从“double”到“float”截断
C:\Users\91930\source\repos\House\House\main.cpp(655,53): warning C4305: “参数”: 从“double”到“float”截断
C:\Users\91930\source\repos\House\House\main.cpp(656,53): warning C4305: “参数”: 从“double”到“float”截断
C:\Users\91930\source\repos\House\House\main.cpp(657,52): warning C4305: “参数”: 从“double”到“float”截断
C:\Users\91930\source\repos\House\House\main.cpp(658,52): warning C4305: “参数”: 从“double”到“float”截断
C:\Users\91930\source\repos\House\House\main.cpp(661,49): warning C4305: “参数”: 从“double”到“float”截断
C:\Users\91930\source\repos\House\House\main.cpp(662,53): warning C4305: “参数”: 从“double”到“float”截断
C:\Users\91930\source\repos\House\House\main.cpp(663,51): warning C4305: “参数”: 从“double”到“float”截断
C:\Users\91930\source\repos\House\House\main.cpp(664,50): warning C4305: “参数”: 从“double”到“float”截断
C:\Users\91930\source\repos\House\House\main.cpp(665,50): warning C4305: “参数”: 从“double”到“float”截断
C:\Users\91930\source\repos\House\House\main.cpp(667,49): warning C4305: “参数”: 从“double”到“float”截断
C:\Users\91930\source\repos\House\House\main.cpp(668,51): warning C4305: “参数”: 从“double”到“float”截断
C:\Users\91930\source\repos\House\House\main.cpp(669,51): warning C4305: “参数”: 从“double”到“float”截断
C:\Users\91930\source\repos\House\House\main.cpp(670,52): warning C4305: “参数”: 从“double”到“float”截断
C:\Users\91930\source\repos\House\House\main.cpp(671,52): warning C4305: “参数”: 从“double”到“float”截断
C:\Users\91930\source\repos\House\House\main.cpp(673,51): warning C4305: “参数”: 从“double”到“float”截断
C:\Users\91930\source\repos\House\House\main.cpp(674,53): warning C4305: “参数”: 从“double”到“float”截断
C:\Users\91930\source\repos\House\House\main.cpp(675,53): warning C4305: “参数”: 从“double”到“float”截断
C:\Users\91930\source\repos\House\House\main.cpp(676,52): warning C4305: “参数”: 从“double”到“float”截断
C:\Users\91930\source\repos\House\House\main.cpp(677,52): warning C4305: “参数”: 从“double”到“float”截断
C:\Users\91930\source\repos\House\House\main.cpp(693,50): warning C4305: “参数”: 从“double”到“float”截断
C:\Users\91930\source\repos\House\House\main.cpp(694,51): warning C4305: “参数”: 从“double”到“float”截断
C:\Users\91930\source\repos\House\House\main.cpp(697,49): warning C4305: “参数”: 从“double”到“float”截断
C:\Users\91930\source\repos\House\House\main.cpp(707,49): warning C4305: “参数”: 从“double”到“float”截断
C:\Users\91930\source\repos\House\House\main.cpp(717,48): warning C4305: “参数”: 从“double”到“float”截断
C:\Users\91930\source\repos\House\House\main.cpp(718,48): warning C4305: “参数”: 从“double”到“float”截断
C:\Users\91930\source\repos\House\House\main.cpp(721,49): warning C4305: “参数”: 从“double”到“float”截断
C:\Users\91930\source\repos\House\House\main.cpp(725,51): warning C4305: “参数”: 从“double”到“float”截断
C:\Users\91930\source\repos\House\House\main.cpp(728,50): warning C4305: “参数”: 从“double”到“float”截断
C:\Users\91930\source\repos\House\House\main.cpp(729,49): warning C4305: “参数”: 从“double”到“float”截断
C:\Users\91930\source\repos\House\House\main.cpp(730,47): warning C4305: “参数”: 从“double”到“float”截断
C:\Users\91930\source\repos\House\House\main.cpp(736,49): warning C4305: “参数”: 从“double”到“float”截断
C:\Users\91930\source\repos\House\House\main.cpp(737,50): warning C4305: “参数”: 从“double”到“float”截断
C:\Users\91930\source\repos\House\House\main.cpp(751,43): warning C4305: “参数”: 从“double”到“float”截断
C:\Users\91930\source\repos\House\House\main.cpp(754,44): warning C4305: “参数”: 从“double”到“float”截断
C:\Users\91930\source\repos\House\House\main.cpp(755,44): warning C4305: “参数”: 从“double”到“float”截断
C:\Users\91930\source\repos\House\House\main.cpp(756,48): warning C4305: “参数”: 从“double”到“float”截断
C:\Users\91930\source\repos\House\House\main.cpp(757,48): warning C4305: “参数”: 从“double”到“float”截断
C:\Users\91930\source\repos\House\House\main.cpp(758,48): warning C4305: “参数”: 从“double”到“float”截断
C:\Users\91930\source\repos\House\House\main.cpp(760,41): warning C4305: “参数”: 从“double”到“float”截断
C:\Users\91930\source\repos\House\House\main.cpp(761,44): warning C4305: “参数”: 从“double”到“float”截断
C:\Users\91930\source\repos\House\House\main.cpp(762,44): warning C4305: “参数”: 从“double”到“float”截断
C:\Users\91930\source\repos\House\House\main.cpp(763,47): warning C4305: “参数”: 从“double”到“float”截断
C:\Users\91930\source\repos\House\House\main.cpp(764,47): warning C4305: “参数”: 从“double”到“float”截断
C:\Users\91930\source\repos\House\House\main.cpp(765,44): warning C4305: “参数”: 从“double”到“float”截断
C:\Users\91930\source\repos\House\House\main.cpp(766,44): warning C4305: “参数”: 从“double”到“float”截断
C:\Users\91930\source\repos\House\House\main.cpp(767,41): warning C4305: “参数”: 从“double”到“float”截断
  House.vcxproj -> C:\Users\91930\source\repos\House\Debug\House.exe
